[DEBUG][Komodo\Store][Store.php][18:01:03]:: Starting store | "sessions.json"
[DEBUG][Komodo\Store][Store.php][18:01:03]:: Reading from file | "sessions.json"
[DEBUG][Komodo\Exodus\Session][Session.php][18:01:03]::  | "Starting session"
[DEBUG][Komodo\Exodus\Session][Session.php][18:01:03]::  | "Loading data from cookie"
[DEBUG][Komodo\Router][Router.php][18:01:03]:: Inicializando rotas | {"route":"\/teste","founded":null,"method":"GET"}
[DEBUG][Komodo\Router][Router.php][18:01:03]::  | "Rota n\u00e3o encontrada"
[DEBUG][Komodo\Store][Store.php][18:01:16]:: Starting store | "sessions.json"
[DEBUG][Komodo\Store][Store.php][18:01:16]:: Reading from file | "sessions.json"
[DEBUG][Komodo\Exodus\Session][Session.php][18:01:16]::  | "Starting session"
[DEBUG][Komodo\Exodus\Session][Session.php][18:01:16]::  | "Loading data from cookie"
[DEBUG][Komodo\Router][Router.php][18:01:16]:: Inicializando rotas | {"route":"\/","founded":{},"method":"GET"}
[DEBUG][Komodo\Store][Store.php][18:04:03]:: Starting store | "sessions.json"
[DEBUG][Komodo\Store][Store.php][18:04:03]:: Reading from file | "sessions.json"
[DEBUG][Komodo\Exodus\Session][Session.php][18:04:03]::  | "Starting session"
[DEBUG][Komodo\Exodus\Session][Session.php][18:04:03]::  | "Loading data from cookie"
[DEBUG][Komodo\Store][Store.php][18:04:19]:: Starting store | "sessions.json"
[DEBUG][Komodo\Store][Store.php][18:04:19]:: Reading from file | "sessions.json"
[DEBUG][Komodo\Exodus\Session][Session.php][18:04:19]::  | "Starting session"
[DEBUG][Komodo\Exodus\Session][Session.php][18:04:19]::  | "Loading data from cookie"
[DEBUG][Komodo\Exodus\Router][Router.php][18:04:19]:: Inicializando rotas | {"route":"\/","founded":{},"method":"GET"}
[DEBUG][Komodo\Store][Store.php][18:04:52]:: Starting store | "sessions.json"
[DEBUG][Komodo\Store][Store.php][18:04:52]:: Reading from file | "sessions.json"
[DEBUG][Komodo\Exodus\Session][Session.php][18:04:52]::  | "Starting session"
[DEBUG][Komodo\Exodus\Session][Session.php][18:04:52]::  | "Loading data from cookie"
[DEBUG][Komodo\Exodus\Router][Router.php][18:04:52]:: Inicializando rotas | {"route":"\/","founded":{},"method":"GET"}
[DEBUG][Komodo\Store][Store.php][18:05:36]:: Starting store | "sessions.json"
[DEBUG][Komodo\Store][Store.php][18:05:36]:: Reading from file | "sessions.json"
[DEBUG][Komodo\Exodus\Session][Session.php][18:05:36]::  | "Starting session"
[DEBUG][Komodo\Exodus\Session][Session.php][18:05:36]::  | "Loading data from cookie"
[DEBUG][Komodo\Exodus\Router][Router.php][18:05:36]:: Inicializando rotas | {"route":"\/","founded":{},"method":"GET"}
[DEBUG][Komodo\Store][Store.php][18:10:05]:: Starting store | "sessions.json"
[DEBUG][Komodo\Store][Store.php][18:10:05]:: Reading from file | "sessions.json"
[DEBUG][Komodo\Exodus\Session][Session.php][18:10:05]::  | "Starting session"
[DEBUG][Komodo\Exodus\Session][Session.php][18:10:05]::  | "Loading data from cookie"
[DEBUG][Komodo\Exodus\Router][Router.php][18:10:05]:: Inicializando rotas | {"route":"\/","founded":{},"method":"GET"}
[DEBUG][Komodo\Store][Store.php][18:10:12]:: Starting store | "sessions.json"
[DEBUG][Komodo\Store][Store.php][18:10:12]:: Reading from file | "sessions.json"
[DEBUG][Komodo\Exodus\Session][Session.php][18:10:12]::  | "Starting session"
[DEBUG][Komodo\Exodus\Session][Session.php][18:10:12]::  | "Loading data from cookie"
[DEBUG][Komodo\Exodus\Router][Router.php][18:10:12]:: Inicializando rotas | {"route":"\/ll","founded":null,"method":"GET"}
[DEBUG][Komodo\Exodus\Router][Router.php][18:10:12]::  | "Rota n\u00e3o encontrada"
[DEBUG][Komodo\Store][Store.php][18:10:29]:: Starting store | "sessions.json"
[DEBUG][Komodo\Store][Store.php][18:10:29]:: Reading from file | "sessions.json"
[DEBUG][Komodo\Exodus\Session][Session.php][18:10:29]::  | "Starting session"
[DEBUG][Komodo\Exodus\Session][Session.php][18:10:29]::  | "Loading data from cookie"
[DEBUG][Komodo\Exodus\Router][Router.php][18:10:29]:: Inicializando rotas | {"route":"\/","founded":{},"method":"GET"}
[DEBUG][Komodo\Store][Store.php][18:10:58]:: Starting store | "sessions.json"
[DEBUG][Komodo\Store][Store.php][18:10:58]:: Reading from file | "sessions.json"
[DEBUG][Komodo\Exodus\Session][Session.php][18:10:58]::  | "Starting session"
[DEBUG][Komodo\Exodus\Session][Session.php][18:10:58]::  | "Loading data from cookie"
[DEBUG][Komodo\Exodus\Router][Router.php][18:10:58]:: Inicializando rotas | {"route":"\/","founded":{},"method":"GET"}
[DEBUG][Komodo\Store][Store.php][18:11:12]:: Starting store | "sessions.json"
[DEBUG][Komodo\Store][Store.php][18:11:12]:: Reading from file | "sessions.json"
[DEBUG][Komodo\Exodus\Session][Session.php][18:11:12]::  | "Starting session"
[DEBUG][Komodo\Exodus\Session][Session.php][18:11:12]::  | "Loading data from cookie"
[DEBUG][Komodo\Exodus\Router][Router.php][18:11:12]:: Inicializando rotas | {"route":"\/","founded":{},"method":"GET"}
[DEBUG][Komodo\Store][Store.php][18:11:32]:: Starting store | "sessions.json"
[DEBUG][Komodo\Store][Store.php][18:11:32]:: Reading from file | "sessions.json"
[DEBUG][Komodo\Exodus\Session][Session.php][18:11:32]::  | "Starting session"
[DEBUG][Komodo\Exodus\Session][Session.php][18:11:32]::  | "Loading data from cookie"
[DEBUG][Komodo\Exodus\Router][Router.php][18:11:32]:: Inicializando rotas | {"route":"\/","founded":{},"method":"GET"}
[DEBUG][Komodo\Store][Store.php][18:12:00]:: Starting store | "sessions.json"
[DEBUG][Komodo\Store][Store.php][18:12:00]:: Reading from file | "sessions.json"
[DEBUG][Komodo\Exodus\Session][Session.php][18:12:00]::  | "Starting session"
[DEBUG][Komodo\Exodus\Session][Session.php][18:12:00]::  | "Loading data from cookie"
[DEBUG][Komodo\Exodus\Router][Router.php][18:12:00]:: Inicializando rotas | {"route":"\/","founded":{},"method":"GET"}
[DEBUG][Komodo\Store][Store.php][18:12:07]:: Starting store | "sessions.json"
[DEBUG][Komodo\Store][Store.php][18:12:07]:: Reading from file | "sessions.json"
[DEBUG][Komodo\Exodus\Session][Session.php][18:12:07]::  | "Starting session"
[DEBUG][Komodo\Exodus\Session][Session.php][18:12:07]::  | "Loading data from cookie"
[DEBUG][Komodo\Exodus\Router][Router.php][18:12:07]:: Inicializando rotas | {"route":"\/ddd","founded":null,"method":"GET"}
[DEBUG][Komodo\Exodus\Router][Router.php][18:12:07]::  | "Rota n\u00e3o encontrada"
[DEBUG][Komodo\Store][Store.php][18:16:16]:: Starting store | "sessions.json"
[DEBUG][Komodo\Store][Store.php][18:16:16]:: Reading from file | "sessions.json"
[DEBUG][Komodo\Exodus\Session][Session.php][18:16:16]::  | "Starting session"
[DEBUG][Komodo\Exodus\Session][Session.php][18:16:16]::  | "Loading data from cookie"
[DEBUG][Komodo\Exodus\Router][Router.php][18:16:16]:: Inicializando rotas | {"route":"\/ddd","founded":null,"method":"GET"}
[DEBUG][Komodo\Exodus\Router][Router.php][18:16:16]::  | "Rota n\u00e3o encontrada"
[DEBUG][Komodo\Store][Store.php][18:22:28]:: Starting store | "sessions.json"
[DEBUG][Komodo\Store][Store.php][18:22:28]:: Reading from file | "sessions.json"
[DEBUG][Komodo\Exodus\Session][Session.php][18:22:28]::  | "Starting session"
[DEBUG][Komodo\Exodus\Session][Session.php][18:22:28]::  | "Loading data from cookie"
[DEBUG][Komodo\Store][Store.php][18:22:39]:: Starting store | "sessions.json"
[DEBUG][Komodo\Store][Store.php][18:22:39]:: Reading from file | "sessions.json"
[DEBUG][Komodo\Exodus\Session][Session.php][18:22:39]::  | "Starting session"
[DEBUG][Komodo\Exodus\Session][Session.php][18:22:39]::  | "Loading data from cookie"
[DEBUG][Komodo\Store][Store.php][18:23:04]:: Starting store | "sessions.json"
[DEBUG][Komodo\Store][Store.php][18:23:04]:: Reading from file | "sessions.json"
[DEBUG][Komodo\Exodus\Session][Session.php][18:23:04]::  | "Starting session"
[DEBUG][Komodo\Exodus\Session][Session.php][18:23:04]::  | "Loading data from cookie"
[DEBUG][Komodo\Store][Store.php][18:25:24]:: Starting store | "sessions.json"
[DEBUG][Komodo\Store][Store.php][18:25:24]:: Reading from file | "sessions.json"
[DEBUG][Komodo\Exodus\Session][Session.php][18:25:24]::  | "Starting session"
[DEBUG][Komodo\Exodus\Session][Session.php][18:25:24]::  | "Loading data from cookie"
[DEBUG][Komodo\Store][Store.php][18:26:10]:: Starting store | "sessions.json"
[DEBUG][Komodo\Store][Store.php][18:26:10]:: Reading from file | "sessions.json"
[DEBUG][Komodo\Exodus\Session][Session.php][18:26:10]::  | "Starting session"
[DEBUG][Komodo\Exodus\Session][Session.php][18:26:10]::  | "Loading data from cookie"
[DEBUG][Komodo\Store][Store.php][18:27:57]:: Starting store | "sessions.json"
[DEBUG][Komodo\Store][Store.php][18:27:57]:: Reading from file | "sessions.json"
[DEBUG][Komodo\Exodus\Session][Session.php][18:27:57]::  | "Starting session"
[DEBUG][Komodo\Exodus\Session][Session.php][18:27:57]::  | "Loading data from cookie"
[DEBUG][Komodo\Store][Store.php][18:29:23]:: Starting store | "sessions.json"
[DEBUG][Komodo\Store][Store.php][18:29:23]:: Reading from file | "sessions.json"
[DEBUG][Komodo\Exodus\Session][Session.php][18:29:23]::  | "Starting session"
[DEBUG][Komodo\Exodus\Session][Session.php][18:29:23]::  | "Loading data from cookie"
[DEBUG][Komodo\Exodus\Router][Router.php][18:29:23]:: Inicializando rotas | {"route":"\/ddd","founded":null,"method":"GET"}
[DEBUG][Komodo\Exodus\Router][Router.php][18:29:23]::  | "Rota n\u00e3o encontrada"
[DEBUG][Komodo\Store][Store.php][18:29:26]:: Starting store | "sessions.json"
[DEBUG][Komodo\Store][Store.php][18:29:26]:: Reading from file | "sessions.json"
[DEBUG][Komodo\Exodus\Session][Session.php][18:29:26]::  | "Starting session"
[DEBUG][Komodo\Exodus\Session][Session.php][18:29:26]::  | "Loading data from cookie"
[DEBUG][Komodo\Exodus\Router][Router.php][18:29:26]:: Inicializando rotas | {"route":"\/","founded":{},"method":"GET"}
[DEBUG][Komodo\Store][Store.php][18:30:13]:: Starting store | "sessions.json"
[DEBUG][Komodo\Store][Store.php][18:30:13]:: Reading from file | "sessions.json"
[DEBUG][Komodo\Exodus\Session][Session.php][18:30:13]::  | "Starting session"
[DEBUG][Komodo\Exodus\Session][Session.php][18:30:13]::  | "Loading data from cookie"
[DEBUG][Komodo\Exodus\Router][Router.php][18:30:13]:: Inicializando rotas | {"route":"\/","founded":{},"method":"GET"}
[DEBUG][Komodo\Store][Store.php][18:30:38]:: Starting store | "sessions.json"
[DEBUG][Komodo\Store][Store.php][18:30:38]:: Reading from file | "sessions.json"
[DEBUG][Komodo\Exodus\Session][Session.php][18:30:38]::  | "Starting session"
[DEBUG][Komodo\Exodus\Session][Session.php][18:30:38]::  | "Loading data from cookie"
[DEBUG][Komodo\Exodus\Router][Router.php][18:30:38]:: Inicializando rotas | {"route":"\/","founded":{},"method":"GET"}
[DEBUG][Komodo\Store][Store.php][18:30:39]:: Starting store | "sessions.json"
[DEBUG][Komodo\Store][Store.php][18:30:39]:: Reading from file | "sessions.json"
[DEBUG][Komodo\Exodus\Session][Session.php][18:30:39]::  | "Starting session"
[DEBUG][Komodo\Exodus\Session][Session.php][18:30:39]::  | "Loading data from cookie"
[DEBUG][Komodo\Exodus\Router][Router.php][18:30:39]:: Inicializando rotas | {"route":"\/","founded":{},"method":"GET"}
[DEBUG][Komodo\Store][Store.php][18:30:43]:: Starting store | "sessions.json"
[DEBUG][Komodo\Store][Store.php][18:30:43]:: Reading from file | "sessions.json"
[DEBUG][Komodo\Exodus\Session][Session.php][18:30:43]::  | "Starting session"
[DEBUG][Komodo\Exodus\Session][Session.php][18:30:43]::  | "Loading data from cookie"
[DEBUG][Komodo\Exodus\Router][Router.php][18:30:43]:: Inicializando rotas | {"route":"\/","founded":{},"method":"GET"}
[DEBUG][Komodo\Store][Store.php][18:32:29]:: Starting store | "sessions.json"
[DEBUG][Komodo\Store][Store.php][18:32:29]:: Reading from file | "sessions.json"
[DEBUG][Komodo\Exodus\Session][Session.php][18:32:29]::  | "Starting session"
[DEBUG][Komodo\Exodus\Session][Session.php][18:32:29]::  | "Loading data from cookie"
[DEBUG][Komodo\Exodus\Router][Router.php][18:32:29]:: Inicializando rotas | {"route":"\/","founded":{},"method":"GET"}
[DEBUG][Komodo\Store][Store.php][18:32:34]:: Starting store | "sessions.json"
[DEBUG][Komodo\Store][Store.php][18:32:34]:: Starting store | "sessions.json"
[DEBUG][Komodo\Store][Store.php][18:32:34]:: Reading from file | "sessions.json"
[DEBUG][Komodo\Store][Store.php][18:32:34]:: Reading from file | "sessions.json"
[DEBUG][Komodo\Exodus\Session][Session.php][18:32:34]::  | "Starting session"
[DEBUG][Komodo\Exodus\Session][Session.php][18:32:34]::  | "Loading data from cookie"
[DEBUG][Komodo\Exodus\Session][Session.php][18:32:34]::  | "Starting session"
[DEBUG][Komodo\Exodus\Session][Session.php][18:32:34]::  | "Loading data from cookie"
[DEBUG][Komodo\Exodus\Router][Router.php][18:32:34]:: Inicializando rotas | {"route":"\/assets\/js\/theme\/_site_dashboard_pro\/assets\/js\/dashboard-pro.js.map","founded":null,"method":"GET"}
[DEBUG][Komodo\Exodus\Router][Router.php][18:32:34]::  | "Rota n\u00e3o encontrada"
[DEBUG][Komodo\Exodus\Router][Router.php][18:32:34]:: Inicializando rotas | {"route":"\/assets\/js\/theme\/plugins\/perfect-scrollbar.min.js.map","founded":null,"method":"GET"}
[DEBUG][Komodo\Exodus\Router][Router.php][18:32:34]::  | "Rota n\u00e3o encontrada"
[DEBUG][Komodo\Store][Store.php][18:32:53]:: Starting store | "sessions.json"
[DEBUG][Komodo\Store][Store.php][18:32:53]:: Reading from file | "sessions.json"
[DEBUG][Komodo\Exodus\Session][Session.php][18:32:53]::  | "Starting session"
[DEBUG][Komodo\Exodus\Session][Session.php][18:32:53]::  | "Loading data from cookie"
[DEBUG][Komodo\Exodus\Router][Router.php][18:32:53]:: Inicializando rotas | {"route":"\/","founded":{},"method":"GET"}
[DEBUG][Komodo\Store][Store.php][18:32:53]:: Starting store | "sessions.json"
[DEBUG][Komodo\Store][Store.php][18:32:53]:: Reading from file | "sessions.json"
[DEBUG][Komodo\Exodus\Session][Session.php][18:32:53]::  | "Starting session"
[DEBUG][Komodo\Exodus\Session][Session.php][18:32:53]::  | "Loading data from cookie"
[DEBUG][Komodo\Exodus\Router][Router.php][18:32:53]:: Inicializando rotas | {"route":"\/","founded":{},"method":"GET"}
[DEBUG][Komodo\Store][Store.php][18:32:57]:: Starting store | "sessions.json"
[DEBUG][Komodo\Store][Store.php][18:32:57]:: Reading from file | "sessions.json"
[DEBUG][Komodo\Exodus\Session][Session.php][18:32:57]::  | "Starting session"
[DEBUG][Komodo\Exodus\Session][Session.php][18:32:57]::  | "Loading data from cookie"
[DEBUG][Komodo\Exodus\Router][Router.php][18:32:57]:: Inicializando rotas | {"route":"\/","founded":{},"method":"GET"}
[DEBUG][Komodo\Store][Store.php][18:33:45]:: Starting store | "sessions.json"
[DEBUG][Komodo\Store][Store.php][18:33:45]:: Reading from file | "sessions.json"
[DEBUG][Komodo\Exodus\Session][Session.php][18:33:45]::  | "Starting session"
[DEBUG][Komodo\Exodus\Session][Session.php][18:33:45]::  | "Loading data from cookie"
[DEBUG][Komodo\Exodus\Router][Router.php][18:33:45]:: Inicializando rotas | {"route":"\/","founded":{},"method":"GET"}
[DEBUG][Komodo\Store][Store.php][18:33:46]:: Starting store | "sessions.json"
[DEBUG][Komodo\Store][Store.php][18:33:46]:: Reading from file | "sessions.json"
[DEBUG][Komodo\Exodus\Session][Session.php][18:33:46]::  | "Starting session"
[DEBUG][Komodo\Exodus\Session][Session.php][18:33:46]::  | "Loading data from cookie"
[DEBUG][Komodo\Exodus\Router][Router.php][18:33:46]:: Inicializando rotas | {"route":"\/","founded":{},"method":"GET"}
[DEBUG][Komodo\Store][Store.php][18:35:38]:: Starting store | "sessions.json"
[DEBUG][Komodo\Store][Store.php][18:35:38]:: Reading from file | "sessions.json"
[DEBUG][Komodo\Exodus\Session][Session.php][18:35:38]::  | "Starting session"
[DEBUG][Komodo\Exodus\Session][Session.php][18:35:38]::  | "Loading data from cookie"
[DEBUG][Komodo\Exodus\Router][Router.php][18:35:38]:: Inicializando rotas | {"route":"\/","founded":{},"method":"GET"}
[DEBUG][Komodo\Store][Store.php][19:18:58]:: Starting store | "sessions.json"
[DEBUG][Komodo\Store][Store.php][19:18:58]:: Reading from file | "sessions.json"
[DEBUG][Komodo\Exodus\Session][Session.php][19:18:58]::  | "Starting session"
[DEBUG][Komodo\Exodus\Session][Session.php][19:18:58]::  | "Loading data from cookie"
[DEBUG][Komodo\Store][Store.php][19:20:27]:: Starting store | "sessions.json"
[DEBUG][Komodo\Store][Store.php][19:20:27]:: Reading from file | "sessions.json"
[DEBUG][Komodo\Exodus\Session][Session.php][19:20:27]::  | "Starting session"
[DEBUG][Komodo\Exodus\Session][Session.php][19:20:27]::  | "Loading data from cookie"
[DEBUG][Komodo\Exodus\Router][Router.php][19:20:27]:: Inicializando rotas | {"route":"\/","founded":{},"method":"GET"}
[DEBUG][Komodo\Store][Store.php][19:21:08]:: Starting store | "sessions.json"
[DEBUG][Komodo\Store][Store.php][19:21:08]:: Reading from file | "sessions.json"
[DEBUG][Komodo\Exodus\Session][Session.php][19:21:08]::  | "Starting session"
[DEBUG][Komodo\Exodus\Session][Session.php][19:21:08]::  | "Loading data from cookie"
[DEBUG][Komodo\Exodus\Router][Router.php][19:21:08]:: Inicializando rotas | {"route":"\/","founded":{},"method":"GET"}
[DEBUG][Komodo\Store][Store.php][19:31:53]:: Starting store | "sessions.json"
[DEBUG][Komodo\Store][Store.php][19:31:53]:: Reading from file | "sessions.json"
[DEBUG][Komodo\Exodus\Session][Session.php][19:31:53]::  | "Starting session"
[DEBUG][Komodo\Exodus\Session][Session.php][19:31:53]::  | "Loading data from cookie"
[DEBUG][Komodo\Store][Store.php][19:32:57]:: Starting store | "sessions.json"
[DEBUG][Komodo\Store][Store.php][19:32:57]:: Reading from file | "sessions.json"
[DEBUG][Komodo\Exodus\Session][Session.php][19:32:57]::  | "Starting session"
[DEBUG][Komodo\Exodus\Session][Session.php][19:32:57]::  | "Loading data from cookie"
[DEBUG][Komodo\Store][Store.php][19:38:59]:: Starting store | "sessions.json"
[DEBUG][Komodo\Store][Store.php][19:38:59]:: Reading from file | "sessions.json"
[DEBUG][Komodo\Exodus\Session][Session.php][19:38:59]::  | "Starting session"
[DEBUG][Komodo\Exodus\Session][Session.php][19:38:59]::  | "Loading data from cookie"
[DEBUG][Komodo\Store][Store.php][19:48:07]:: Starting store | "sessions.json"
[DEBUG][Komodo\Store][Store.php][19:48:07]:: Reading from file | "sessions.json"
[DEBUG][Komodo\Exodus\Session][Session.php][19:48:07]::  | "Starting session"
[DEBUG][Komodo\Exodus\Session][Session.php][19:48:07]::  | "Loading data from cookie"
[DEBUG][Komodo\Store][Store.php][19:48:23]:: Starting store | "sessions.json"
[DEBUG][Komodo\Store][Store.php][19:48:23]:: Reading from file | "sessions.json"
[DEBUG][Komodo\Exodus\Session][Session.php][19:48:23]::  | "Starting session"
[DEBUG][Komodo\Exodus\Session][Session.php][19:48:23]::  | "Loading data from cookie"
[DEBUG][Komodo\Store][Store.php][19:48:24]:: Starting store | "sessions.json"
[DEBUG][Komodo\Store][Store.php][19:48:24]:: Reading from file | "sessions.json"
[DEBUG][Komodo\Exodus\Session][Session.php][19:48:24]::  | "Starting session"
[DEBUG][Komodo\Exodus\Session][Session.php][19:48:24]::  | "Loading data from cookie"
[DEBUG][Komodo\Store][Store.php][19:48:50]:: Starting store | "sessions.json"
[DEBUG][Komodo\Store][Store.php][19:48:50]:: Reading from file | "sessions.json"
[DEBUG][Komodo\Exodus\Session][Session.php][19:48:50]::  | "Starting session"
[DEBUG][Komodo\Exodus\Session][Session.php][19:48:50]::  | "Loading data from cookie"
[DEBUG][Komodo\Exodus\Router][Router.php][19:48:50]:: Inicializando rotas | {"route":"\/","founded":{},"method":"GET"}
[DEBUG][Komodo\Store][Store.php][19:49:04]:: Starting store | "sessions.json"
[DEBUG][Komodo\Store][Store.php][19:49:04]:: Starting store | "sessions.json"
[DEBUG][Komodo\Store][Store.php][19:49:04]:: Reading from file | "sessions.json"
[DEBUG][Komodo\Store][Store.php][19:49:04]:: Reading from file | "sessions.json"
[DEBUG][Komodo\Exodus\Session][Session.php][19:49:04]::  | "Starting session"
[DEBUG][Komodo\Exodus\Session][Session.php][19:49:04]::  | "Starting session"
[DEBUG][Komodo\Exodus\Session][Session.php][19:49:04]::  | "Loading data from cookie"
[DEBUG][Komodo\Exodus\Session][Session.php][19:49:04]::  | "Loading data from cookie"
[DEBUG][Komodo\Exodus\Router][Router.php][19:49:04]:: Inicializando rotas | {"route":"\/assets\/js\/theme\/_site_dashboard_pro\/assets\/js\/dashboard-pro.js.map","founded":null,"method":"GET"}
[DEBUG][Komodo\Exodus\Router][Router.php][19:49:04]::  | "Rota n\u00e3o encontrada"
[DEBUG][Komodo\Exodus\Router][Router.php][19:49:04]:: Inicializando rotas | {"route":"\/assets\/js\/theme\/plugins\/perfect-scrollbar.min.js.map","founded":null,"method":"GET"}
[DEBUG][Komodo\Exodus\Router][Router.php][19:49:04]::  | "Rota n\u00e3o encontrada"
[DEBUG][Komodo\Store][Store.php][21:25:51]:: Starting store | "sessions.json"
[DEBUG][Komodo\Store][Store.php][21:25:51]:: Reading from file | "sessions.json"
[DEBUG][Komodo\Exodus\Session][Session.php][21:25:51]::  | "Starting session"
[DEBUG][Komodo\Exodus\Session][Session.php][21:25:51]::  | "Loading data from cookie"
[DEBUG][Komodo\Exodus\Router][Router.php][21:25:51]:: Inicializando rotas | {"route":"\/","founded":{},"method":"GET"}
[DEBUG][Komodo\Store][Store.php][21:27:22]:: Starting store | "sessions.json"
[DEBUG][Komodo\Store][Store.php][21:27:22]:: Reading from file | "sessions.json"
[DEBUG][Komodo\Exodus\Session][Session.php][21:27:22]::  | "Starting session"
[DEBUG][Komodo\Exodus\Session][Session.php][21:27:22]::  | "Loading data from cookie"
[DEBUG][Komodo\Exodus\Router][Router.php][21:27:22]:: Inicializando rotas | {"route":"\/","founded":{},"method":"GET"}
[DEBUG][Komodo\Store][Store.php][21:49:38]:: Starting store | "sessions.json"
[DEBUG][Komodo\Store][Store.php][21:49:38]:: Reading from file | "sessions.json"
[DEBUG][Komodo\Exodus\Session][Session.php][21:49:38]::  | "Starting session"
[DEBUG][Komodo\Exodus\Session][Session.php][21:49:38]::  | "Loading data from cookie"
[DEBUG][Komodo\Exodus\Router][Router.php][21:49:38]:: Inicializando rotas | {"route":"\/","founded":{},"method":"GET"}
[DEBUG][Komodo\Store][Store.php][22:01:13]:: Starting store | "sessions.json"
[DEBUG][Komodo\Store][Store.php][22:01:13]:: Reading from file | "sessions.json"
[DEBUG][Komodo\Exodus\Session][Session.php][22:01:13]::  | "Starting session"
[DEBUG][Komodo\Exodus\Session][Session.php][22:01:13]::  | "Loading data from cookie"
[DEBUG][Komodo\Exodus\Router][Router.php][22:01:13]:: Inicializando rotas | {"route":"\/secundario","founded":null,"method":"GET"}
[DEBUG][Komodo\Exodus\Router][Router.php][22:01:13]::  | "Rota n\u00e3o encontrada"
